test-corpus [live]: 459 sources (priority=None, concurrency=1)
[1/459] 墨辰整理书源系列7.1版 ✅❌⏭⏭⏭ no_search_results
[2/459] 起点读书（优+++） ✅❌⏭⏭⏭ js_unsupported
[3/459] 番茄小说（优+++） ✅❌⏭⏭⏭ js_unsupported
[4/459] 阅读助手（优+++） ✅❌⏭⏭⏭ js_unsupported
[5/459] 天天小说（优+++） ✅❌⏭⏭⏭ http_error
[6/459] 天天看书（优+++） ✅❌⏭⏭⏭ no_search_results
[7/459] 得奇小说（优+++） ✅❌⏭⏭⏭ no_search_results
[8/459] 得奇小说（优+++） ✅❌⏭⏭⏭ no_search_results
[9/459] 篱笆文学（优+++） ✅❌⏭⏭⏭ no_search_results
[10/459] 篱笆文学（优+++） ✅❌⏭⏭⏭ no_search_results
  [checkpoint] 10/459 sources saved (3.8s elapsed)
[11/459] 蓝批小说（优+++） ✅❌⏭⏭⏭ js_unsupported
[12/459] 蓝批小说（优+++） ✅❌⏭⏭⏭ js_unsupported
[13/459] 幻梦轻说（优++） ✅❌⏭⏭⏭ no_search_results
[14/459] 我的书城（优++） ✅❌⏭⏭⏭ http_error
[15/459] 八零小说（优++） ✅❌⏭⏭⏭ no_search_results
[16/459] 天天小说（优++） ✅❌⏭⏭⏭ no_search_results
[17/459] 猫眼看书（优++） ✅✅✅❌⏭ no_toc_entries
[18/459] 猫眼看书（优++） ✅❌⏭⏭⏭ http_error
[19/459] 猫眼看书（优++） ✅✅❌⏭⏭ http_error
[20/459] 猫眼看书（优++） ✅✅✅❌⏭ no_toc_entries
  [checkpoint] 20/459 sources saved (13.5s elapsed)
[21/459] 鲸云轻说（优++） ✅❌⏭⏭⏭ no_search_results
[22/459] 神凑轻说（优++） ✅❌⏭⏭⏭ no_search_results
[23/459] 轻之文库（优++） ✅❌⏭⏭⏭ no_search_results
[24/459] 轻之文库（优++） ✅❌⏭⏭⏭ no_search_results
[25/459] 轻说百科（优++） ✅✅✅✅❌ content_too_short
[26/459] 轻文库说（优++） ✅❌⏭⏭⏭ js_unsupported
[27/459] 异轻纵然（优++） ✅✅❌⏭⏭ http_error
[28/459] 茶马小说（优++） ✅❌⏭⏭⏭ no_search_results
[29/459] 话本小说（优++） ✅❌⏭⏭⏭ no_search_results
[30/459] 立方体儿（优++） ✅❌⏭⏭⏭ js_unsupported
  [checkpoint] 30/459 sources saved (49.4s elapsed)
[31/459] 镇魂小说（优++） ✅❌⏭⏭⏭ no_search_results
[32/459] 全本小说（优++） ✅❌⏭⏭⏭ js_unsupported
[33/459] 趣悦小说（优++） ✅❌⏭⏭⏭ no_search_results
[34/459] 番薯小说（优++） ✅❌⏭⏭⏭ no_search_results
[35/459] 疯读小说（优++） ✅✅✅✅✅ 
[36/459] 番茄小说（优++） ✅❌⏭⏭⏭ http_error
[37/459] 幻想小说（优++） ✅❌⏭⏭⏭ http_error
[38/459] 有度中文（优++） ✅❌⏭⏭⏭ no_search_results
[39/459] 七猫小说（优++） ✅❌⏭⏭⏭ js_unsupported
[40/459] 七猫小说（优++） ✅❌⏭⏭⏭ js_unsupported
  [checkpoint] 40/459 sources saved (82.0s elapsed)
[41/459] 七猫小说（优++） ✅❌⏭⏭⏭ js_unsupported
[42/459] 全免小说（优++） ✅❌⏭⏭⏭ js_unsupported
[43/459] 爱淘小说（优++） ✅❌⏭⏭⏭ js_unsupported
[44/459] 二八看书（优++） ✅❌⏭⏭⏭ no_search_results
[45/459] 阅友小说（优++） ✅❌⏭⏭⏭ js_unsupported
[46/459] 陶越文华（优++） ✅❌⏭⏭⏭ js_unsupported
[47/459] 风扇枕说（日+） ✅✅✅✅❌ content_too_short
[48/459] 番茄小说（优+） ✅✅❌⏭⏭ http_error
[49/459] 番茄小说（优+） ✅❌⏭⏭⏭ js_unsupported
[50/459] 番茄小说（优+） ✅❌⏭⏭⏭ js_unsupported
  [checkpoint] 50/459 sources saved (88.6s elapsed)
[51/459] 阿巴小说（优+） ✅✅❌⏭⏭ http_error
[52/459] 有度轻说（优+） ✅✅✅✅✅ 
[53/459] 轻说机翻（优+） ✅❌⏭⏭⏭ no_search_results
[54/459] 西瓜免费（优+） ✅❌⏭⏭⏭ js_unsupported
[55/459] 太极小说（优+） ✅❌⏭⏭⏭ js_unsupported
[56/459] 天天书吧（优+） ✅❌⏭⏭⏭ no_search_results
[57/459] 天天书吧（优+） ✅❌⏭⏭⏭ js_unsupported
[58/459] 阅友小说（优+） ✅✅❌⏭⏭ http_error
[59/459] 阅友小说（优+） ✅❌⏭⏭⏭ http_error
[60/459] 阅友小说（优+） ✅❌⏭⏭⏭ http_error
  [checkpoint] 60/459 sources saved (93.3s elapsed)
[61/459] 中文书城（优+） ✅❌⏭⏭⏭ http_error
[62/459] 酷匠网吧（优+） ✅❌⏭⏭⏭ js_unsupported
[63/459] 国学書库（优+） ✅❌⏭⏭⏭ core_error
[64/459] 国学典籍（优+） ✅❌⏭⏭⏭ core_error
[65/459] 国学经典（优+） ✅❌⏭⏭⏭ http_error
[66/459] 中华典藏（优+） ✅❌⏭⏭⏭ http_error
[67/459] 中华典藏（优+） ✅❌⏭⏭⏭ http_error
[68/459] 中华典藏（优+） ✅❌⏭⏭⏭ core_error
[69/459] 古龙武侠（优+） ✅❌⏭⏭⏭ no_search_results
[70/459] 古龙全集（优+） ✅❌⏭⏭⏭ core_error
  [checkpoint] 70/459 sources saved (97.0s elapsed)
[71/459] 古龙武侠（优+） ✅❌⏭⏭⏭ core_error
[72/459] 金庸小说（优+） ✅❌⏭⏭⏭ no_search_results
[73/459] 金庸小说（优+） ✅❌⏭⏭⏭ no_search_results
[74/459] 盗墓笔记（优+） ✅❌⏭⏭⏭ http_error
[75/459] 民间故事（优+） ✅❌⏭⏭⏭ no_search_results
[76/459] 鬼故事集（优+） ✅❌⏭⏭⏭ core_error
[77/459] 盐选文库（优+） ✅❌⏭⏭⏭ no_search_results
[78/459] 盐选文库（优+） ✅❌⏭⏭⏭ http_error
[79/459] 我是盐神（优+） ✅❌⏭⏭⏭ no_search_results
[80/459] 中华诗词（优+） ✅❌⏭⏭⏭ no_search_results
  [checkpoint] 80/459 sources saved (122.1s elapsed)
[81/459] 中华诗词（优+） ✅❌⏭⏭⏭ no_search_results
[82/459] 古诗文网（优+） ✅❌⏭⏭⏭ no_search_results
[83/459] 古诗词网（优+） ✅❌⏭⏭⏭ no_search_results
[84/459] 古诗文网（优+） ✅❌⏭⏭⏭ no_search_results
[85/459] 古典文学（优+） ✅❌⏭⏭⏭ no_search_results
[86/459] 古典文学（优+） ✅❌⏭⏭⏭ core_error
[87/459] 天涯知识（优+） ✅❌⏭⏭⏭ no_search_results
[88/459] 斗罗小说（优+） ✅❌⏭⏭⏭ core_error
[89/459] 熊猫文学（优+） ✅❌⏭⏭⏭ http_error
[90/459] 百合爱会（优+） ✅❌⏭⏭⏭ no_search_results
  [checkpoint] 90/459 sources saved (133.9s elapsed)
[91/459] 全本小说（优+） ✅❌⏭⏭⏭ http_error
[92/459] 三七小说（优+） ✅❌⏭⏭⏭ no_search_results
[93/459] 城堡小说（优+） ✅❌⏭⏭⏭ js_unsupported
[94/459] 旭日小说（优+） ✅❌⏭⏭⏭ no_search_results
[95/459] 七猫小说（优+） ✅❌⏭⏭⏭ js_unsupported
[96/459] 七猫小说（优+） ✅❌⏭⏭⏭ js_unsupported
[97/459] 疯读小说（优+） ✅✅✅✅✅ 
[98/459] 大唐小说（优+） ✅✅❌⏭⏭ core_error
[99/459] 狸猫故事（优+） ✅❌⏭⏭⏭ no_search_results
[100/459] 狸猫故事（优+） ✅❌⏭⏭⏭ no_search_results
  [checkpoint] 100/459 sources saved (149.2s elapsed)
[101/459] 狸猫故事（优+） ✅❌⏭⏭⏭ no_search_results
[102/459] 书香阁子（优+） ✅❌⏭⏭⏭ http_error
[103/459] 风云小说（优+） ✅❌⏭⏭⏭ js_unsupported
[104/459] 八三中文（优+） ✅❌⏭⏭⏭ http_error
[105/459] 阅读库子（优+） ✅❌⏭⏭⏭ http_error
[106/459] 安读书网（优+） ✅❌⏭⏭⏭ core_error
[107/459] 快眼看书（优+） ✅✅✅✅✅ 
[108/459] 快眼看书（优+） ✅✅✅✅✅ 
[109/459] 小米阅读（优+） ✅✅✅❌⏭ no_toc_entries
[110/459] 米读小说（优+） ✅✅✅❌⏭ js_unsupported
  [checkpoint] 110/459 sources saved (181.4s elapsed)
[111/459] 小米书城（优+） ✅✅✅❌⏭ no_toc_entries
[112/459] 独步小说（优+） ✅❌⏭⏭⏭ core_error
[113/459] 神凑轻说（优+） ✅❌⏭⏭⏭ js_unsupported
[114/459] 轻之文库（优+） ✅❌⏭⏭⏭ no_search_results
[115/459] 轻之文库（优+） ✅❌⏭⏭⏭ no_search_results
[116/459] 鲸云轻说（优+） ✅❌⏭⏭⏭ no_search_results
[117/459] 鲸云轻说（优+） ✅❌⏭⏭⏭ no_search_results
[118/459] 炫动小说（优+） ✅❌⏭⏭⏭ js_unsupported
[119/459] 书法小说（优+） ✅❌⏭⏭⏭ no_search_results
[120/459] 爱久久网（优+） ✅❌⏭⏭⏭ no_search_results
  [checkpoint] 120/459 sources saved (190.3s elapsed)
[121/459] 桔纸书屋（优+） ✅❌⏭⏭⏭ http_error
[122/459] 有度中文（优+） ✅✅✅✅❌ content_too_short
[123/459] 咸鱼小说（优+） ✅❌⏭⏭⏭ core_error
[124/459] 笔下文学（优+） ✅❌⏭⏭⏭ http_error
[125/459] 秋风书屋（优+） ✅❌⏭⏭⏭ no_search_results
[126/459] 中文万维（优+） ✅❌⏭⏭⏭ no_search_results
[127/459] 铅笔轻说（优+） ✅❌⏭⏭⏭ no_search_results
[128/459] 恩施轻语（优+） ✅✅✅✅✅ 
[129/459] 七百小说（优+） ✅❌⏭⏭⏭ no_search_results
[130/459] 神话之后（优+） ✅❌⏭⏭⏭ http_error
  [checkpoint] 130/459 sources saved (233.7s elapsed)
[131/459] 过期杂志（优+） ✅❌⏭⏭⏭ http_error
[132/459] 过期杂志（优+） ✅❌⏭⏭⏭ no_search_results
[133/459] 追光阅读（优） ✅❌⏭⏭⏭ no_search_results
[134/459] 追光阅读（优） ✅❌⏭⏭⏭ no_search_results
[135/459] 松鹤庭沐（优） ✅✅❌⏭⏭ js_unsupported
[136/459] 夜天连看（优） ✅✅✅❌⏭ core_error
[137/459] 多多书院（优） ✅❌⏭⏭⏭ parse_error
[138/459] 全本小说（优） ✅❌⏭⏭⏭ no_search_results
[139/459] 中文看书（优） ✅❌⏭⏭⏭ js_unsupported
[140/459] 阅友小说（优） ✅✅❌⏭⏭ core_error
  [checkpoint] 140/459 sources saved (256.0s elapsed)
[141/459] 博览群书（优） ✅✅✅✅❌ http_error
[142/459] 文桑小说（优） ✅❌⏭⏭⏭ http_error
[143/459] 商店小说（优） ✅✅✅✅❌ content_too_short
[144/459] 五五读书（优） ✅❌⏭⏭⏭ http_error
[145/459] 图书迷子（优） ✅❌⏭⏭⏭ http_error
[146/459] 同人小说（优） ✅❌⏭⏭⏭ no_search_results
[147/459] 车群小说（优） ✅❌⏭⏭⏭ js_unsupported
[148/459] 四三看书（优） ✅❌⏭⏭⏭ http_error
[149/459] 言情港吧（优） ✅❌⏭⏭⏭ no_search_results
[150/459] 无线电子（优） ✅❌⏭⏭⏭ http_error
  [checkpoint] 150/459 sources saved (306.9s elapsed)
[151/459] 无奈书库（优） ✅✅✅✅❌ http_error
[152/459] 搜书小说（优） ✅✅❌⏭⏭ core_error
[153/459] 灵感小说（优） ✅❌⏭⏭⏭ parse_error
[154/459] 就爱文学（优） ✅❌⏭⏭⏭ http_error
[155/459] 速读谷吧（优） ✅✅✅❌⏭ http_error
[156/459] 蚂蚁文学（优） ✅❌⏭⏭⏭ http_error
[157/459] 壹二小说（优） ✅❌⏭⏭⏭ no_search_results
[158/459] 冰清小说（优） ✅❌⏭⏭⏭ js_unsupported
[159/459] 爱爱中文（优） ✅❌⏭⏭⏭ no_search_results
[160/459] 五五读书（优） ✅❌⏭⏭⏭ http_error
  [checkpoint] 160/459 sources saved (389.2s elapsed)
[161/459] 闲看小说（优） ✅❌⏭⏭⏭ js_unsupported
[162/459] 爱下电子（优） ✅✅✅❌⏭ no_toc_entries
[163/459] 乐文阁网（优） ✅❌⏭⏭⏭ http_error
[164/459] 三五中文（优） ✅❌⏭⏭⏭ http_error
[165/459] 零零小说（优） ✅❌⏭⏭⏭ http_error
[166/459] 八一中文（优） ✅❌⏭⏭⏭ http_error
[167/459] 铅笔小说（优） ✅❌⏭⏭⏭ http_error
[168/459] 速读谷子（优） ✅❌⏭⏭⏭ http_error
[169/459] 阅友网络（优） ✅❌⏭⏭⏭ js_unsupported
[170/459] 无忧书城（优） ✅❌⏭⏭⏭ js_unsupported
  [checkpoint] 170/459 sources saved (455.0s elapsed)
[171/459] 手机看书（优） ✅❌⏭⏭⏭ no_search_results
[172/459] 殓师灵异（优） ✅✅❌⏭⏭ http_error
[173/459] 博览群书（优） ✅❌⏭⏭⏭ http_error
[174/459] 白浅小说（优） ✅❌⏭⏭⏭ http_error
[175/459] 天堂深圳（优） ✅✅✅✅✅ 
[176/459] 南极小说（优） ✅❌⏭⏭⏭ core_error
[177/459] 求书帮吧（优） ✅❌⏭⏭⏭ no_search_results
[178/459] 天悦小说（优） ✅❌⏭⏭⏭ js_unsupported
[179/459] 爱久小说（优） ✅❌⏭⏭⏭ js_unsupported
[180/459] 全本同人（优） ✅❌⏭⏭⏭ http_error
  [checkpoint] 180/459 sources saved (487.1s elapsed)
[181/459] 爱尚小说（优） ✅❌⏭⏭⏭ http_error
[182/459] 大美书网（优） ✅❌⏭⏭⏭ no_search_results
[183/459] 蚂蚁阅读（优） ✅❌⏭⏭⏭ http_error
[184/459] 霹雳书坊（优） ✅❌⏭⏭⏭ no_search_results
[185/459] 花生小说（优） ✅❌⏭⏭⏭ js_unsupported
[186/459] 红牛小说（优） ✅❌⏭⏭⏭ http_error
[187/459] 双零电子（优） ✅❌⏭⏭⏭ http_error
[188/459] 全本小说（优） ✅❌⏭⏭⏭ js_unsupported
[189/459] 独步小说（优） ✅❌⏭⏭⏭ js_unsupported
[190/459] 绿色小说（优） ✅❌⏭⏭⏭ http_error
  [checkpoint] 190/459 sources saved (541.9s elapsed)
[191/459] 零点看书（优） ✅❌⏭⏭⏭ js_unsupported
[192/459] 笔趣小说（优） ✅❌⏭⏭⏭ js_unsupported
[193/459] 阅读书库（优） ✅❌⏭⏭⏭ http_error
[194/459] 棉花小说（优） ✅❌⏭⏭⏭ js_unsupported
[195/459] 电线看书（优） ✅❌⏭⏭⏭ no_search_results
[196/459] 次元小说（优） ✅❌⏭⏭⏭ no_search_results
[197/459] 顶点小说（优） ✅❌⏭⏭⏭ js_unsupported
[198/459] 奥尔中文（优） ✅❌⏭⏭⏭ no_search_results
[199/459] 爱下电子（优） ✅❌⏭⏭⏭ http_error
[200/459] 歌书网吧（优） ✅❌⏭⏭⏭ http_error
  [checkpoint] 200/459 sources saved (578.4s elapsed)
[201/459] 万通蜡笔（优） ✅❌⏭⏭⏭ js_unsupported
[202/459] 三叉小说（优） ✅❌⏭⏭⏭ http_error
[203/459] 火球书库（优） ✅❌⏭⏭⏭ http_error
[204/459] 存档书库（优） ✅❌⏭⏭⏭ js_unsupported
[205/459] 八零电子（导） ✅✅❌⏭⏭ core_error
[206/459] 爱去小说（导） ✅❌⏭⏭⏭ no_search_results
[207/459] 奇书网吧（导） ✅❌⏭⏭⏭ http_error
[208/459] 贼吧网玩（导） ✅❌⏭⏭⏭ http_error
[209/459] 知轩藏书（导） ✅✅❌⏭⏭ core_error
[210/459] 秋风书屋（导） ✅❌⏭⏭⏭ no_search_results
  [checkpoint] 210/459 sources saved (608.9s elapsed)
[211/459] 请看小说（导） ✅❌⏭⏭⏭ no_search_results
[212/459] 鸠摩搜书（导） ✅❌⏭⏭⏭ js_unsupported
[213/459] 爱去小说（导） ✅❌⏭⏭⏭ http_error
[214/459] 苦瓜书盘（导） ✅❌⏭⏭⏭ no_search_results
[215/459] 爱去小说（导） ✅❌⏭⏭⏭ no_search_results
[216/459] 爱去小说（导） ✅❌⏭⏭⏭ no_search_results
[217/459] 趣书网吧（导） ✅❌⏭⏭⏭ js_unsupported
[218/459] 奇书网吧（导） ✅❌⏭⏭⏭ http_error
[219/459] 爱下电子（繁） ✅✅✅❌⏭ js_unsupported
[220/459] 新读小说（繁） ✅❌⏭⏭⏭ no_search_results
  [checkpoint] 220/459 sources saved (630.0s elapsed)
[221/459] 爱写小说（日） ✅❌⏭⏭⏭ no_search_results
[222/459] 全英文学（英） ✅❌⏭⏭⏭ parse_error
[223/459] 英文小说（英） ✅❌⏭⏭⏭ no_search_results
[224/459] 英文小说（英） ✅❌⏭⏭⏭ no_search_results
[225/459] 英语阅读（英） ✅❌⏭⏭⏭ no_search_results
[226/459] 双语小说（英） ✅❌⏭⏭⏭ http_error
[227/459] 拷贝漫画（优++） ✅❌⏭⏭⏭ no_search_results
[228/459] 蓝批漫画（优+++） ✅❌⏭⏭⏭ js_unsupported
[229/459] 美女图站（优++） ✅❌⏭⏭⏭ core_error
[230/459] 名著阅读（优++） ✅❌⏭⏭⏭ no_search_results
  [checkpoint] 230/459 sources saved (643.3s elapsed)
[231/459] 萌图社团（优++） ✅❌⏭⏭⏭ no_search_results
[232/459] 包子漫画（优++） ✅❌⏭⏭⏭ http_error
[233/459] 爱轻写真（优+） ✅✅✅✅❌ no_chapter_url
[234/459] 笔趣漫画（优+） ✅❌⏭⏭⏭ core_error
[235/459] 爱看漫画（优+） ✅❌⏭⏭⏭ no_search_results
[236/459] 爱看漫画（优+） ✅❌⏭⏭⏭ no_search_results
[237/459] 如漫画网（优+） ✅❌⏭⏭⏭ js_unsupported
[238/459] 好看漫画（优+） ✅❌⏭⏭⏭ js_unsupported
[239/459] 武芊漫画（优+） ✅❌⏭⏭⏭ no_search_results
[240/459] 光社漫畫（优+） ✅✅✅❌⏭ no_toc_entries
  [checkpoint] 240/459 sources saved (654.3s elapsed)
[241/459] 漫画搬运（优+） ✅❌⏭⏭⏭ no_search_results
[242/459] 开心漫画（优+） ✅❌⏭⏭⏭ http_error
[243/459] 新爱漫画（优+） ✅❌⏭⏭⏭ no_search_results
[244/459] 爱优漫吧（优+） ✅❌⏭⏭⏭ http_error
[245/459] 爱优漫吧（优+） ✅❌⏭⏭⏭ http_error
[246/459] 曼哈漫画（优+） ✅❌⏭⏭⏭ js_unsupported
[247/459] 曼哈漫画（优+） ✅❌⏭⏭⏭ no_search_results
[248/459] 曼哈漫画（优+） ✅✅✅✅❌ content_too_short
[249/459] 酷看漫画（优+） ✅❌⏭⏭⏭ http_error
[250/459] 吉站漫画（优+） ✅✅✅❌⏭ js_unsupported
  [checkpoint] 250/459 sources saved (723.5s elapsed)
[251/459] 包子漫画（优+） ✅✅✅❌⏭ core_error
[252/459] 永远漫画（优） ✅❌⏭⏭⏭ http_error
[253/459] 全免漫画（优） ✅✅❌⏭⏭ js_unsupported
[254/459] 全免漫画（优） ✅✅❌⏭⏭ js_unsupported
[255/459] 全免漫画（优） ✅✅❌⏭⏭ http_error
[256/459] 网络漫画（优） ✅❌⏭⏭⏭ no_search_results
[257/459] 霓虹漫画（优） ✅❌⏭⏭⏭ no_search_results
[258/459] 酷看漫画（优） ✅❌⏭⏭⏭ http_error
[259/459] 包子漫画（优） ✅✅✅❌⏭ no_toc_entries
[260/459] 爱看漫画（优） ✅❌⏭⏭⏭ no_search_results
  [checkpoint] 260/459 sources saved (747.8s elapsed)
[261/459] 爱看漫画（优） ✅❌⏭⏭⏭ no_search_results
[262/459] 爱看漫画（优） ✅❌⏭⏭⏭ no_search_results
[263/459] 裤裤漫画（优） ✅❌⏭⏭⏭ no_search_results
[264/459] 奇漫屋子（优） ✅❌⏭⏭⏭ no_search_results
[265/459] 滴答漫画（优） ✅✅✅✅❌ content_too_short
[266/459] 漫红漫画（优） ✅❌⏭⏭⏭ http_error
[267/459] 爱看漫画（优） ✅❌⏭⏭⏭ no_search_results
[268/459] 野蛮漫画（优） ✅❌⏭⏭⏭ no_search_results
[269/459] 星际漫画（优） ✅✅✅✅❌ content_too_short
[270/459] 茶杯狐狸（优+++） ✅❌⏭⏭⏭ http_error
  [checkpoint] 270/459 sources saved (783.3s elapsed)
[271/459] 哔哩哔哩（优+++） ✅❌⏭⏭⏭ js_unsupported
[272/459] 爱看影视（优++） ✅❌⏭⏭⏭ http_error
[273/459] 番茄短剧（优++） ✅❌⏭⏭⏭ no_search_results
[274/459] 稀饭影视（优++） ✅❌⏭⏭⏭ http_error
[275/459] 短剧合集（优+） ✅❌⏭⏭⏭ http_error
[276/459] 月趣动漫（优+） ✅❌⏭⏭⏭ http_error
[277/459] 稀饭动漫（优+） ✅❌⏭⏭⏭ http_error
[278/459] 西瓜卡通（优+） ✅✅✅❌⏭ no_toc_entries
[279/459] 盗随动漫（优+） ✅❌⏭⏭⏭ no_search_results
[280/459] 聪明视频（优+） ✅❌⏭⏭⏭ no_search_results
  [checkpoint] 280/459 sources saved (833.5s elapsed)
[281/459] 网飞猫网（优+） ✅❌⏭⏭⏭ js_unsupported
[282/459] 优质资源（优） ✅❌⏭⏭⏭ js_unsupported
[283/459] 榴莲影视（优） ✅❌⏭⏭⏭ http_error
[284/459] 艾格动漫（优） ✅❌⏭⏭⏭ js_unsupported
[285/459] 艾格动漫（优） ✅❌⏭⏭⏭ js_unsupported
[286/459] 矮贼吧网（优） ✅❌⏭⏭⏭ http_error
[287/459] 懒人听书（优+++） ✅❌⏭⏭⏭ no_search_results
[288/459] 番茄听书（优++） ✅❌⏭⏭⏭ http_error
[289/459] 爱听书王（优+） ✅❌⏭⏭⏭ js_unsupported
[290/459] 饭角有声（优） ✅❌⏭⏭⏭ js_unsupported
  [checkpoint] 290/459 sources saved (850.4s elapsed)
[291/459] 水山听书（优+） ✅❌⏭⏭⏭ http_error
[292/459] 喜马拉雅（优+） ✅✅❌⏭⏭ http_error
[293/459] 喜马拉雅（优+） ✅✅❌⏭⏭ js_unsupported
[294/459] 喜马拉雅（优） ✅❌⏭⏭⏭ http_error
[295/459] 天下书音（优） ✅❌⏭⏭⏭ no_search_results
[296/459] 小米广播（优+） ✅❌⏭⏭⏭ no_search_results
[297/459] 猫耳听书（优+） ✅✅✅✅✅ 
[298/459] 猫耳听书（优） ✅❌⏭⏭⏭ js_unsupported
[299/459] 猫耳有声（优） ✅❌⏭⏭⏭ js_unsupported
[300/459] 猫耳听书（优） ✅❌⏭⏭⏭ js_unsupported
  [checkpoint] 300/459 sources saved (860.6s elapsed)
[301/459] 猫耳有声（优） ✅❌⏭⏭⏭ core_error
[302/459] 猫耳听书（优） ✅❌⏭⏭⏭ js_unsupported
[303/459] 猫耳听书（优） ✅❌⏭⏭⏭ js_unsupported
[304/459] 猫耳广播（优） ✅❌⏭⏭⏭ core_error
[305/459] 海洋听书（优） ✅❌⏭⏭⏭ no_search_results
[306/459] 漫播听书（优） ✅❌⏭⏭⏭ no_search_results
[307/459] 爱上听书（优） ✅❌⏭⏭⏭ http_error
[308/459] 面包聆听（优） ✅❌⏭⏭⏭ no_search_results
[309/459] 企鹅音乐（优++） ✅❌⏭⏭⏭ http_error
[310/459] 五丁音乐（优+） ✅❌⏭⏭⏭ no_search_results
  [checkpoint] 310/459 sources saved (878.8s elapsed)
[311/459] 潇社音乐（优+） ✅❌⏭⏭⏭ no_search_results
[312/459] 潇社音乐（优+） ✅❌⏭⏭⏭ no_search_results
[313/459] 时代音乐（优+） ✅❌⏭⏭⏭ http_error
[314/459] 听蛙音乐（优+） ✅❌⏭⏭⏭ no_search_results
[315/459] 魔陌音乐（优） ✅❌⏭⏭⏭ js_unsupported
[316/459] 荔枝音乐（优） ✅✅❌⏭⏭ http_error
[317/459] 荔枝有声（优） ✅✅❌⏭⏭ js_unsupported
[318/459] 网易音乐（优） ✅❌⏭⏭⏭ http_error
[319/459] 网易音乐（优） ✅✅✅❌⏭ no_toc_entries
[320/459] 酷我音乐（优） ✅❌⏭⏭⏭ js_unsupported
  [checkpoint] 320/459 sources saved (889.2s elapsed)
[321/459] 猫耳音乐（优） ✅❌⏭⏭⏭ js_unsupported
[322/459] 九酷音乐（优） ✅❌⏭⏭⏭ no_search_results
[323/459] 坚果云盘（优++） ✅❌⏭⏭⏭ core_error
[324/459] 百度网盘（优++） ✅❌⏭⏭⏭ no_search_results
[325/459] 百度贴吧（优+） ✅❌⏭⏭⏭ no_search_results
[326/459] 吾爱破解（优+） ✅❌⏭⏭⏭ core_error
[327/459] 酷安应用（优+） ✅❌⏭⏭⏭ js_unsupported
[328/459] 微博书源（优+） ✅❌⏭⏭⏭ http_error
[329/459] 微博评论（优+） ✅❌⏭⏭⏭ http_error
[330/459] 优品文档（导+） ✅✅✅❌⏭ no_toc_entries
  [checkpoint] 330/459 sources saved (905.0s elapsed)
[331/459] 书单推荐（优+） ✅❌⏭⏭⏭ http_error
[332/459] 超星网站（优+） ✅❌⏭⏭⏭ no_search_results
[333/459] 个性说网（优+） ✅❌⏭⏭⏭ http_error
[334/459] 个性说网（优+） ✅❌⏭⏭⏭ http_error
[335/459] 个性说网（优+） ✅❌⏭⏭⏭ http_error
[336/459] 治能寄算（优+） ✅❌⏭⏭⏭ no_search_results
[337/459] 优品学习（优） ✅✅✅❌⏭ no_toc_entries
[338/459] 爱推书君（优） ✅❌⏭⏭⏭ no_search_results
[339/459] 爱推书君（优） ✅❌⏭⏭⏭ no_search_results
[340/459] 爱发电网（优） ✅❌⏭⏭⏭ no_search_results
  [checkpoint] 340/459 sources saved (953.1s elapsed)
[341/459] 爱发电网（优） ✅❌⏭⏭⏭ no_search_results
[342/459] 青花鱼评（优） ✅❌⏭⏭⏭ no_search_results
[343/459] 乐乎文章（优） ✅❌⏭⏭⏭ js_unsupported
[344/459] 天涯知识（优） ✅❌⏭⏭⏭ http_error
[345/459] 我爱读者（优） ✅❌⏭⏭⏭ no_search_results
[346/459] 爱推書君（优） ✅❌⏭⏭⏭ no_search_results
[347/459] 海词木稽（优） ✅❌⏭⏭⏭ no_search_results
[348/459] 海词精选（优） ✅❌⏭⏭⏭ no_search_results
[349/459] 海词词典（优） ✅❌⏭⏭⏭ no_search_results
[350/459] 百度图片（优） ✅❌⏭⏭⏭ no_search_results
  [checkpoint] 350/459 sources saved (960.0s elapsed)
[351/459] 百度图片（优） ✅❌⏭⏭⏭ no_search_results
[352/459] 百度知道（优） ✅❌⏭⏭⏭ no_search_results
[353/459] 百度知道（优） ✅❌⏭⏭⏭ no_search_results
[354/459] 百度知道（优） ✅❌⏭⏭⏭ no_search_results
[355/459] 百度贴吧（优） ✅❌⏭⏭⏭ no_search_results
[356/459] 百度贴吧（优） ✅❌⏭⏭⏭ no_search_results
[357/459] 百度贴吧（优） ✅❌⏭⏭⏭ no_search_results
[358/459] 通用书源（写） ✅❌⏭⏭⏭ core_error
[359/459] 霸王游戏（优） ✅❌⏭⏭⏭ no_search_results
[360/459] 霸王街机（优） ✅❌⏭⏭⏭ no_search_results
  [checkpoint] 360/459 sources saved (963.5s elapsed)
[361/459] 盒子游戏（优） ✅❌⏭⏭⏭ no_search_results
[362/459] 起点中文（优+） ✅❌⏭⏭⏭ no_search_results
[363/459] 起点中文（优+） ✅❌⏭⏭⏭ core_error
[364/459] 起点男频（优） ✅❌⏭⏭⏭ no_search_results
[365/459] 企鹅浏览（优） ✅✅❌⏭⏭ js_unsupported
[366/459] 飞卢小说（优） ✅❌⏭⏭⏭ no_search_results
[367/459] 次元姬子（优） ✅❌⏭⏭⏭ no_search_results
[368/459] 书耽小说（优） ✅❌⏭⏭⏭ js_unsupported
[369/459] 独阅读网 ✅❌⏭⏭⏭ no_search_results
[370/459] 笔尚小说 ✅❌⏭⏭⏭ no_search_results
  [checkpoint] 370/459 sources saved (968.8s elapsed)
[371/459] 追书神器 ✅✅❌⏭⏭ http_error
[372/459] 书旗小说 ✅❌⏭⏭⏭ core_error
[373/459] 书旗小说 ✅✅✅❌⏭ no_toc_entries
[374/459] 猫九小说 ✅✅✅✅❌ content_too_short
[375/459] 猫九小说 ✅✅✅✅❌ content_too_short
[376/459] 百度小说 ✅❌⏭⏭⏭ http_error
[377/459] 七点小说 ✅❌⏭⏭⏭ core_error
[378/459] 笔尚小说 ✅❌⏭⏭⏭ no_search_results
[379/459] 企鹅阅读 ✅✅✅❌⏭ no_toc_entries
[380/459] 企鹅阅读 ✅✅✅✅❌ content_too_short
  [checkpoint] 380/459 sources saved (989.6s elapsed)
[381/459] 企鹅浏览 ✅✅❌⏭⏭ js_unsupported
[382/459] 企鹅阅读 ✅✅❌⏭⏭ js_unsupported
[383/459] 磨铁中文 ✅❌⏭⏭⏭ no_search_results
[384/459] 看看阅读 ✅❌⏭⏭⏭ http_error
[385/459] 哎爱巴士 ✅❌⏭⏭⏭ js_unsupported
[386/459] 豆腐阅读 ✅❌⏭⏭⏭ http_error
[387/459] 豆腐阅读 ✅❌⏭⏭⏭ http_error
[388/459] 纵横中文 ✅❌⏭⏭⏭ no_search_results
[389/459] 纵横中文 ✅❌⏭⏭⏭ no_search_results
[390/459] 纵横中文 ✅❌⏭⏭⏭ http_error
  [checkpoint] 390/459 sources saved (1020.3s elapsed)
[391/459] 晋江文学 ✅❌⏭⏭⏭ core_error
[392/459] 晋江文学 ✅❌⏭⏭⏭ core_error
[393/459] 晋江文学 ✅❌⏭⏭⏭ no_search_results
[394/459] 晋江评论 ✅❌⏭⏭⏭ no_search_results
[395/459] 天地中文 ✅❌⏭⏭⏭ no_search_results
[396/459] 追书出版 ✅✅✅✅❌ content_too_short
[397/459] 红薯网站 ✅❌⏭⏭⏭ no_search_results
[398/459] 中小说网 ✅❌⏭⏭⏭ http_error
[399/459] 栀子欢波 ✅❌⏭⏭⏭ no_search_results
[400/459] 栀子欢子 ✅❌⏭⏭⏭ no_search_results
  [checkpoint] 400/459 sources saved (1024.5s elapsed)
[401/459] 栀子欢网 ✅❌⏭⏭⏭ no_search_results
[402/459] 有度中文 ✅✅❌⏭⏭ core_error
[403/459] 掌阅小说 ✅✅✅❌⏭ no_toc_entries
[404/459] 九怀小说 ✅❌⏭⏭⏭ no_search_results
[405/459] 九怀文学 ✅❌⏭⏭⏭ no_search_results
[406/459] 铁血读书 ✅❌⏭⏭⏭ core_error
[407/459] 铁血读书 ✅❌⏭⏭⏭ no_search_results
[408/459] 铁血读书 ✅❌⏭⏭⏭ no_search_results
[409/459] 九阅小说 ✅❌⏭⏭⏭ core_error
[410/459] 轻次元姬 ✅❌⏭⏭⏭ no_search_results
  [checkpoint] 410/459 sources saved (1028.9s elapsed)
[411/459] 酷我小说 ✅❌⏭⏭⏭ no_search_results
[412/459] 酷我小说 ✅❌⏭⏭⏭ no_search_results
[413/459] 酷我小说 ✅❌⏭⏭⏭ no_search_results
[414/459] 刺猬猫吧 ✅✅✅❌⏭ no_toc_entries
[415/459] 轻菠萝包 ✅✅❌⏭⏭ core_error
[416/459] 起点中文 ✅❌⏭⏭⏭ no_search_results
[417/459] 苏轻小说 ✅✅❌⏭⏭ core_error
[418/459] 苏轻小说 ✅✅✅❌⏭ no_toc_entries
[419/459] 若初文学 ✅❌⏭⏭⏭ core_error
[420/459] 若初文学 ✅✅✅❌⏭ no_toc_entries
  [checkpoint] 420/459 sources saved (1035.7s elapsed)
[421/459] 梧桐中文 ✅❌⏭⏭⏭ core_error
[422/459] 梧桐中文 ✅✅✅✅✅ 
[423/459] 梧桐中文 ✅❌⏭⏭⏭ core_error
[424/459] 安之原创 ✅❌⏭⏭⏭ no_search_results
[425/459] 布咕阅读 ✅❌⏭⏭⏭ http_error
[426/459] 松鹤阅读 ✅✅❌⏭⏭ js_unsupported
[427/459] 企鹅浏览 ✅✅❌⏭⏭ js_unsupported
[428/459] 网易小说 ✅❌⏭⏭⏭ no_search_results
[429/459] 网易云说 ✅❌⏭⏭⏭ no_search_results
[430/459] 安轻小说 ✅✅✅❌⏭ no_toc_entries
  [checkpoint] 430/459 sources saved (1043.1s elapsed)
[431/459] 安之原创 ✅❌⏭⏭⏭ no_search_results
[432/459] 安之原创 ✅❌⏭⏭⏭ no_search_results
[433/459] 安轻小说 ✅✅✅❌⏭ no_toc_entries
[434/459] 刺猬猫说 ✅❌⏭⏭⏭ no_search_results
[435/459] 刺猬猫吧 ✅❌⏭⏭⏭ no_search_results
[436/459] 刺猬猫网 ✅✅✅❌⏭ no_toc_entries
[437/459] 经致文学 ✅❌⏭⏭⏭ no_search_results
[438/459] 心轻小说 ✅✅✅❌⏭ no_toc_entries
[439/459] 哔哩漫画（优+++） ✅❌⏭⏭⏭ js_unsupported
[440/459] 腾讯漫画 ✅✅✅✅❌ content_too_short
  [checkpoint] 440/459 sources saved (1047.0s elapsed)
[441/459] 腾讯漫画  ✅✅✅✅❌ content_too_short
[442/459] 快看漫画 ✅❌⏭⏭⏭ http_error
[443/459] 爱奇艺漫 ✅❌⏭⏭⏭ no_search_results
[444/459] 画涯爱子 ✅❌⏭⏭⏭ js_unsupported
[445/459] 快看漫画 ✅❌⏭⏭⏭ no_search_results
[446/459] 腾讯漫画 ✅✅✅✅❌ content_too_short
[447/459] 腾讯漫画 ✅✅✅✅❌ content_too_short
[448/459] 快看漫画 ✅❌⏭⏭⏭ no_search_results
[449/459] 快看漫画 ✅❌⏭⏭⏭ no_search_results
[450/459] 快看漫画 ✅❌⏭⏭⏭ no_search_results
  [checkpoint] 450/459 sources saved (1051.9s elapsed)
[451/459] 酸奶漫画 ✅✅✅✅❌ content_too_short
[452/459] 酸奶漫画 ✅✅✅✅❌ content_too_short
[453/459] 收费漫画 ✅❌⏭⏭⏭ no_search_results
[454/459] 爱漫客栈 ✅✅✅✅❌ no_chapter_url
[455/459] 爱漫客栈 ✅✅❌⏭⏭ http_error
[456/459] 爱漫客栈 ✅✅❌⏭⏭ http_error
[457/459] 酷爱漫画 ✅❌⏭⏭⏭ http_error
[458/459] 新人漫画 ✅❌⏭⏭⏭ no_search_results
[459/459] 漫漫漫画 ✅❌⏭⏭⏭ no_search_results
  [checkpoint] 459/459 sources saved (1060.8s elapsed)
test-corpus done in 1060.8s — fully_passed=9, partially_passed=450, fully_failed=0
